# JRE version: OpenJDK Runtime Environment Temurin-17.0.5+8 (17.0.5+8) (build 17.0.5+8)
# Java VM: OpenJDK 64-Bit Server VM Temurin-17.0.5+8 (17.0.5+8, mixed mode, tiered, compressed oops, compressed class ptrs, parallel gc, windows-amd64)
GC Precious Log:
 CPUs: 4 total, 4 available
 Memory: 12171M
 Large Page Support: Disabled
 NUMA Support: Disabled
 Compressed Oops: Enabled (32-bit)
 Alignments: Space 512K, Generation 512K, Heap 2M
 Heap Min Capacity: 100M
 Heap Initial Capacity: 100M
 Heap Max Capacity: 1G
 Pre-touch: Disabled
 Parallel Workers: 4
Heap:
 PSYoungGen      total 5632K, used 3578K [0x00000000eab00000, 0x00000000ec300000, 0x0000000100000000)
  eden space 2048K, 0% used [0x00000000eab00000,0x00000000eab00000,0x00000000ead00000)
  from space 3584K, 99% used [0x00000000eb580000,0x00000000eb8fe900,0x00000000eb900000)
  to   space 8704K, 0% used [0x00000000ead00000,0x00000000ead00000,0x00000000eb580000)
 ParOldGen       total 120320K, used 119316K [0x00000000c0000000, 0x00000000c7580000, 0x00000000eab00000)
  object space 120320K, 99% used [0x00000000c0000000,0x00000000c74851e0,0x00000000c7580000)
 Metaspace       used 69372K, committed 70592K, reserved 1114112K
  class space    used 7134K, committed 7680K, reserved 1048576K
GC Heap History (20 events):
Event: 2797.309 GC heap after
{Heap after GC invocations=60 (full 5):
 PSYoungGen      total 9216K, used 1562K [0x00000000eab00000, 0x00000000ebc80000, 0x0000000100000000)
  eden space 7168K, 0% used [0x00000000eab00000,0x00000000eab00000,0x00000000eb200000)
  from space 2048K, 76% used [0x00000000eb200000,0x00000000eb386900,0x00000000eb400000)
  to   space 4608K, 0% used [0x00000000eb800000,0x00000000eb800000,0x00000000ebc80000)
 ParOldGen       total 120320K, used 105723K [0x00000000c0000000, 0x00000000c7580000, 0x00000000eab00000)
  object space 120320K, 87% used [0x00000000c0000000,0x00000000c673ecd8,0x00000000c7580000)
 Metaspace       used 68185K, committed 69440K, reserved 1114112K
  class space    used 7030K, committed 7616K, reserved 1048576K
}
Event: 7472.025 GC heap before
{Heap before GC invocations=61 (full 5):
 PSYoungGen      total 9216K, used 8730K [0x00000000eab00000, 0x00000000ebc80000, 0x0000000100000000)
  eden space 7168K, 100% used [0x00000000eab00000,0x00000000eb200000,0x00000000eb200000)
  from space 2048K, 76% used [0x00000000eb200000,0x00000000eb386900,0x00000000eb400000)
  to   space 4608K, 0% used [0x00000000eb800000,0x00000000eb800000,0x00000000ebc80000)
 ParOldGen       total 120320K, used 105723K [0x00000000c0000000, 0x00000000c7580000, 0x00000000eab00000)
  object space 120320K, 87% used [0x00000000c0000000,0x00000000c673ecd8,0x00000000c7580000)
 Metaspace       used 68653K, committed 69824K, reserved 1114112K
  class space    used 7074K, committed 7616K, reserved 1048576K
}
Event: 7472.029 GC heap after
{Heap after GC invocations=61 (full 5):
 PSYoungGen      total 8192K, used 602K [0x00000000eab00000, 0x00000000eb900000, 0x0000000100000000)
  eden space 7168K, 0% used [0x00000000eab00000,0x00000000eab00000,0x00000000eb200000)
  from space 1024K, 58% used [0x00000000eb800000,0x00000000eb896900,0x00000000eb900000)
  to   space 1536K, 0% used [0x00000000eb600000,0x00000000eb600000,0x00000000eb780000)
 ParOldGen       total 120320K, used 107210K [0x00000000c0000000, 0x00000000c7580000, 0x00000000eab00000)
  object space 120320K, 89% used [0x00000000c0000000,0x00000000c68b2be8,0x00000000c7580000)
 Metaspace       used 68653K, committed 69824K, reserved 1114112K
  class space    used 7074K, committed 7616K, reserved 1048576K
}
Event: 10488.914 GC heap before
{Heap before GC invocations=62 (full 5):
 PSYoungGen      total 8192K, used 7770K [0x00000000eab00000, 0x00000000eb900000, 0x0000000100000000)
  eden space 7168K, 99% used [0x00000000eab00000,0x00000000eb1ffff0,0x00000000eb200000)
  from space 1024K, 58% used [0x00000000eb800000,0x00000000eb896900,0x00000000eb900000)
  to   space 1536K, 0% used [0x00000000eb600000,0x00000000eb600000,0x00000000eb780000)
 ParOldGen       total 120320K, used 107210K [0x00000000c0000000, 0x00000000c7580000, 0x00000000eab00000)
  object space 120320K, 89% used [0x00000000c0000000,0x00000000c68b2be8,0x00000000c7580000)
 Metaspace       used 68988K, committed 70208K, reserved 1114112K
  class space    used 7101K, committed 7680K, reserved 1048576K
}
Event: 10488.917 GC heap after
{Heap after GC invocations=62 (full 5):
 PSYoungGen      total 8704K, used 698K [0x00000000eab00000, 0x00000000eb880000, 0x0000000100000000)
  eden space 7168K, 0% used [0x00000000eab00000,0x00000000eab00000,0x00000000eb200000)
  from space 1536K, 45% used [0x00000000eb600000,0x00000000eb6ae900,0x00000000eb780000)
  to   space 1024K, 0% used [0x00000000eb780000,0x00000000eb780000,0x00000000eb880000)
 ParOldGen       total 120320K, used 107726K [0x00000000c0000000, 0x00000000c7580000, 0x00000000eab00000)
  object space 120320K, 89% used [0x00000000c0000000,0x00000000c6933a90,0x00000000c7580000)
 Metaspace       used 68988K, committed 70208K, reserved 1114112K
  class space    used 7101K, committed 7680K, reserved 1048576K
}
Event: 10488.968 GC heap before
{Heap before GC invocations=63 (full 5):
 PSYoungGen      total 8704K, used 7866K [0x00000000eab00000, 0x00000000eb880000, 0x0000000100000000)
  eden space 7168K, 100% used [0x00000000eab00000,0x00000000eb200000,0x00000000eb200000)
  from space 1536K, 45% used [0x00000000eb600000,0x00000000eb6ae900,0x00000000eb780000)
  to   space 1024K, 0% used [0x00000000eb780000,0x00000000eb780000,0x00000000eb880000)
 ParOldGen       total 120320K, used 107726K [0x00000000c0000000, 0x00000000c7580000, 0x00000000eab00000)
  object space 120320K, 89% used [0x00000000c0000000,0x00000000c6933a90,0x00000000c7580000)
 Metaspace       used 68994K, committed 70208K, reserved 1114112K
  class space    used 7102K, committed 7680K, reserved 1048576K
}
Event: 10488.972 GC heap after
{Heap after GC invocations=63 (full 5):
 PSYoungGen      total 8192K, used 1017K [0x00000000eab00000, 0x00000000eb900000, 0x0000000100000000)
  eden space 7168K, 0% used [0x00000000eab00000,0x00000000eab00000,0x00000000eb200000)
  from space 1024K, 99% used [0x00000000eb780000,0x00000000eb87e458,0x00000000eb880000)
  to   space 3584K, 0% used [0x00000000eb200000,0x00000000eb200000,0x00000000eb580000)
 ParOldGen       total 120320K, used 109436K [0x00000000c0000000, 0x00000000c7580000, 0x00000000eab00000)
  object space 120320K, 90% used [0x00000000c0000000,0x00000000c6adf1b0,0x00000000c7580000)
 Metaspace       used 68994K, committed 70208K, reserved 1114112K
  class space    used 7102K, committed 7680K, reserved 1048576K
}
Event: 10489.029 GC heap before
{Heap before GC invocations=64 (full 5):
 PSYoungGen      total 8192K, used 8185K [0x00000000eab00000, 0x00000000eb900000, 0x0000000100000000)
  eden space 7168K, 100% used [0x00000000eab00000,0x00000000eb200000,0x00000000eb200000)
  from space 1024K, 99% used [0x00000000eb780000,0x00000000eb87e458,0x00000000eb880000)
  to   space 3584K, 0% used [0x00000000eb200000,0x00000000eb200000,0x00000000eb580000)
 ParOldGen       total 120320K, used 109436K [0x00000000c0000000, 0x00000000c7580000, 0x00000000eab00000)
  object space 120320K, 90% used [0x00000000c0000000,0x00000000c6adf1b0,0x00000000c7580000)
 Metaspace       used 68995K, committed 70208K, reserved 1114112K
  class space    used 7102K, committed 7680K, reserved 1048576K
}
Event: 10489.032 GC heap after
{Heap after GC invocations=64 (full 5):
 PSYoungGen      total 10752K, used 1656K [0x00000000eab00000, 0x00000000eb800000, 0x0000000100000000)
  eden space 7168K, 0% used [0x00000000eab00000,0x00000000eab00000,0x00000000eb200000)
  from space 3584K, 46% used [0x00000000eb200000,0x00000000eb39e118,0x00000000eb580000)
  to   space 2048K, 0% used [0x00000000eb600000,0x00000000eb600000,0x00000000eb800000)
 ParOldGen       total 120320K, used 110460K [0x00000000c0000000, 0x00000000c7580000, 0x00000000eab00000)
  object space 120320K, 91% used [0x00000000c0000000,0x00000000c6bdf100,0x00000000c7580000)
 Metaspace       used 68995K, committed 70208K, reserved 1114112K
  class space    used 7102K, committed 7680K, reserved 1048576K
}
Event: 10489.094 GC heap before
{Heap before GC invocations=65 (full 5):
 PSYoungGen      total 10752K, used 8809K [0x00000000eab00000, 0x00000000eb800000, 0x0000000100000000)
  eden space 7168K, 99% used [0x00000000eab00000,0x00000000eb1fc3d0,0x00000000eb200000)
  from space 3584K, 46% used [0x00000000eb200000,0x00000000eb39e118,0x00000000eb580000)
  to   space 2048K, 0% used [0x00000000eb600000,0x00000000eb600000,0x00000000eb800000)
 ParOldGen       total 120320K, used 110460K [0x00000000c0000000, 0x00000000c7580000, 0x00000000eab00000)
  object space 120320K, 91% used [0x00000000c0000000,0x00000000c6bdf100,0x00000000c7580000)
 Metaspace       used 69001K, committed 70272K, reserved 1114112K
  class space    used 7102K, committed 7680K, reserved 1048576K
}
Event: 10489.098 GC heap after
{Heap after GC invocations=65 (full 5):
 PSYoungGen      total 9216K, used 2031K [0x00000000eab00000, 0x00000000eb800000, 0x0000000100000000)
  eden space 7168K, 0% used [0x00000000eab00000,0x00000000eab00000,0x00000000eb200000)
  from space 2048K, 99% used [0x00000000eb600000,0x00000000eb7fbdc0,0x00000000eb800000)
  to   space 2560K, 0% used [0x00000000eb300000,0x00000000eb300000,0x00000000eb580000)
 ParOldGen       total 120320K, used 112072K [0x00000000c0000000, 0x00000000c7580000, 0x00000000eab00000)
  object space 120320K, 93% used [0x00000000c0000000,0x00000000c6d72030,0x00000000c7580000)
 Metaspace       used 69001K, committed 70272K, reserved 1114112K
  class space    used 7102K, committed 7680K, reserved 1048576K
}
Event: 39787.542 GC heap before
{Heap before GC invocations=66 (full 5):
 PSYoungGen      total 9216K, used 9199K [0x00000000eab00000, 0x00000000eb800000, 0x0000000100000000)
  eden space 7168K, 100% used [0x00000000eab00000,0x00000000eb200000,0x00000000eb200000)
  from space 2048K, 99% used [0x00000000eb600000,0x00000000eb7fbdc0,0x00000000eb800000)
  to   space 2560K, 0% used [0x00000000eb300000,0x00000000eb300000,0x00000000eb580000)
 ParOldGen       total 120320K, used 112072K [0x00000000c0000000, 0x00000000c7580000, 0x00000000eab00000)
  object space 120320K, 93% used [0x00000000c0000000,0x00000000c6d72030,0x00000000c7580000)
 Metaspace       used 69206K, committed 70464K, reserved 1114112K
  class space    used 7134K, committed 7680K, reserved 1048576K
}
Event: 39787.547 GC heap after
{Heap after GC invocations=66 (full 5):
 PSYoungGen      total 8704K, used 1308K [0x00000000eab00000, 0x00000000eb680000, 0x0000000100000000)
  eden space 7168K, 0% used [0x00000000eab00000,0x00000000eab00000,0x00000000eb200000)
  from space 1536K, 85% used [0x00000000eb300000,0x00000000eb447218,0x00000000eb480000)
  to   space 2048K, 0% used [0x00000000eb480000,0x00000000eb480000,0x00000000eb680000)
 ParOldGen       total 120320K, used 112432K [0x00000000c0000000, 0x00000000c7580000, 0x00000000eab00000)
  object space 120320K, 93% used [0x00000000c0000000,0x00000000c6dcc030,0x00000000c7580000)
 Metaspace       used 69206K, committed 70464K, reserved 1114112K
  class space    used 7134K, committed 7680K, reserved 1048576K
}
Event: 39787.608 GC heap before
{Heap before GC invocations=67 (full 5):
 PSYoungGen      total 8704K, used 8476K [0x00000000eab00000, 0x00000000eb680000, 0x0000000100000000)
  eden space 7168K, 99% used [0x00000000eab00000,0x00000000eb1fffe8,0x00000000eb200000)
  from space 1536K, 85% used [0x00000000eb300000,0x00000000eb447218,0x00000000eb480000)
  to   space 2048K, 0% used [0x00000000eb480000,0x00000000eb480000,0x00000000eb680000)
 ParOldGen       total 120320K, used 112432K [0x00000000c0000000, 0x00000000c7580000, 0x00000000eab00000)
  object space 120320K, 93% used [0x00000000c0000000,0x00000000c6dcc030,0x00000000c7580000)
 Metaspace       used 69213K, committed 70464K, reserved 1114112K
  class space    used 7134K, committed 7680K, reserved 1048576K
}
Event: 39787.611 GC heap after
{Heap after GC invocations=67 (full 5):
 PSYoungGen      total 7680K, used 218K [0x00000000eab00000, 0x00000000eb500000, 0x0000000100000000)
  eden space 7168K, 0% used [0x00000000eab00000,0x00000000eab00000,0x00000000eb200000)
  from space 512K, 42% used [0x00000000eb480000,0x00000000eb4b6900,0x00000000eb500000)
  to   space 1024K, 0% used [0x00000000eb300000,0x00000000eb300000,0x00000000eb400000)
 ParOldGen       total 120320K, used 113646K [0x00000000c0000000, 0x00000000c7580000, 0x00000000eab00000)
  object space 120320K, 94% used [0x00000000c0000000,0x00000000c6efbbd0,0x00000000c7580000)
 Metaspace       used 69213K, committed 70464K, reserved 1114112K
  class space    used 7134K, committed 7680K, reserved 1048576K
}
Event: 39788.125 GC heap before
{Heap before GC invocations=68 (full 5):
 PSYoungGen      total 7680K, used 7386K [0x00000000eab00000, 0x00000000eb500000, 0x0000000100000000)
  eden space 7168K, 100% used [0x00000000eab00000,0x00000000eb200000,0x00000000eb200000)
  from space 512K, 42% used [0x00000000eb480000,0x00000000eb4b6900,0x00000000eb500000)
  to   space 1024K, 0% used [0x00000000eb300000,0x00000000eb300000,0x00000000eb400000)
 ParOldGen       total 120320K, used 113646K [0x00000000c0000000, 0x00000000c7580000, 0x00000000eab00000)
  object space 120320K, 94% used [0x00000000c0000000,0x00000000c6efbbd0,0x00000000c7580000)
 Metaspace       used 69369K, committed 70592K, reserved 1114112K
  class space    used 7134K, committed 7680K, reserved 1048576K
}
Event: 39788.129 GC heap after
{Heap after GC invocations=68 (full 5):
 PSYoungGen      total 8192K, used 1008K [0x00000000eab00000, 0x00000000eb900000, 0x0000000100000000)
  eden space 7168K, 0% used [0x00000000eab00000,0x00000000eab00000,0x00000000eb200000)
  from space 1024K, 98% used [0x00000000eb300000,0x00000000eb3fc070,0x00000000eb400000)
  to   space 3584K, 0% used [0x00000000eb580000,0x00000000eb580000,0x00000000eb900000)
 ParOldGen       total 120320K, used 115486K [0x00000000c0000000, 0x00000000c7580000, 0x00000000eab00000)
  object space 120320K, 95% used [0x00000000c0000000,0x00000000c70c7a70,0x00000000c7580000)
 Metaspace       used 69369K, committed 70592K, reserved 1114112K
  class space    used 7134K, committed 7680K, reserved 1048576K
}
Event: 39788.194 GC heap before
{Heap before GC invocations=69 (full 5):
 PSYoungGen      total 8192K, used 8176K [0x00000000eab00000, 0x00000000eb900000, 0x0000000100000000)
  eden space 7168K, 100% used [0x00000000eab00000,0x00000000eb200000,0x00000000eb200000)
  from space 1024K, 98% used [0x00000000eb300000,0x00000000eb3fc070,0x00000000eb400000)
  to   space 3584K, 0% used [0x00000000eb580000,0x00000000eb580000,0x00000000eb900000)
 ParOldGen       total 120320K, used 115486K [0x00000000c0000000, 0x00000000c7580000, 0x00000000eab00000)
  object space 120320K, 95% used [0x00000000c0000000,0x00000000c70c7a70,0x00000000c7580000)
 Metaspace       used 69372K, committed 70592K, reserved 1114112K
  class space    used 7134K, committed 7680K, reserved 1048576K
}
Event: 39788.202 GC heap after
{Heap after GC invocations=69 (full 5):
 PSYoungGen      total 5632K, used 3578K [0x00000000eab00000, 0x00000000ec300000, 0x0000000100000000)
  eden space 2048K, 0% used [0x00000000eab00000,0x00000000eab00000,0x00000000ead00000)
  from space 3584K, 99% used [0x00000000eb580000,0x00000000eb8fe900,0x00000000eb900000)
  to   space 8704K, 0% used [0x00000000ead00000,0x00000000ead00000,0x00000000eb580000)
 ParOldGen       total 120320K, used 119316K [0x00000000c0000000, 0x00000000c7580000, 0x00000000eab00000)
  object space 120320K, 99% used [0x00000000c0000000,0x00000000c74851e0,0x00000000c7580000)
 Metaspace       used 69372K, committed 70592K, reserved 1114112K
  class space    used 7134K, committed 7680K, reserved 1048576K
}
Event: 39788.202 GC heap before
{Heap before GC invocations=70 (full 6):
 PSYoungGen      total 5632K, used 3578K [0x00000000eab00000, 0x00000000ec300000, 0x0000000100000000)
  eden space 2048K, 0% used [0x00000000eab00000,0x00000000eab00000,0x00000000ead00000)
  from space 3584K, 99% used [0x00000000eb580000,0x00000000eb8fe900,0x00000000eb900000)
  to   space 8704K, 0% used [0x00000000ead00000,0x00000000ead00000,0x00000000eb580000)
 ParOldGen       total 120320K, used 119316K [0x00000000c0000000, 0x00000000c7580000, 0x00000000eab00000)
  object space 120320K, 99% used [0x00000000c0000000,0x00000000c74851e0,0x00000000c7580000)
 Metaspace       used 69372K, committed 70592K, reserved 1114112K
  class space    used 7134K, committed 7680K, reserved 1048576K
}

